<?xml version="1.0" encoding="UTF-8"?>
<!-- Generated by org.testng.reporters.JUnitReportReporter -->
<testsuite skipped="0" hostname="IN2070121W2" name="com.demo.app.AppTest" tests="1" failures="0" timestamp="28 Jun 2018 16:13:12 GMT" time="31.275" errors="0">
  <testcase name="getCurrentPageTitle" time="31.275" classname="com.demo.app.AppTest"/>
</testsuite> <!-- com.demo.app.AppTest -->
