<?xml version="1.0" encoding="UTF-8"?>
<!-- Generated by org.testng.reporters.JUnitReportReporter -->
<testsuite skipped="0" hostname="IN2070121W2" name="com.demo.googleplay.GooglePlayTest" tests="2" failures="0" timestamp="03 Jul 2018 05:50:47 GMT" time="74.823" errors="0">
  <testcase name="scrollToElement" time="36.864" classname="com.demo.googleplay.GooglePlayTest"/>
  <testcase name="searchPlayStore" time="37.959" classname="com.demo.googleplay.GooglePlayTest"/>
</testsuite> <!-- com.demo.googleplay.GooglePlayTest -->
