<?xml version="1.0" encoding="UTF-8"?>
<!-- Generated by org.testng.reporters.JUnitReportReporter -->
<testsuite skipped="0" hostname="IN2070121W2" name="com.demo.amazon.WaitTests" tests="1" failures="0" timestamp="29 Jun 2018 06:57:24 GMT" time="39.968" errors="0">
  <testcase name="testGoogleApp" time="39.968" classname="com.demo.amazon.WaitTests"/>
</testsuite> <!-- com.demo.amazon.WaitTests -->
